build/app/intermediates/manifest_merge_blame_file/release/manifest-merger-blame-release-report.txt
1<?xml version="1.0" encoding="utf-8"?>
2<manifest xmlns:android="http://schemas.android.com/apk/res/android"
3    package="appflmaps.fl_maps"
4    android:versionCode="1"
5    android:versionName="1.0.0" >
6
7    <uses-sdk
8        android:minSdkVersion="16"
8-->src\main\AndroidManifest.xml
9        android:targetSdkVersion="29" />
9-->src\main\AndroidManifest.xml
10    <!--
11         io.flutter.app.FlutterApplication is an android.app.Application that
12         calls FlutterMain.startInitialization(this); in its onCreate method.
13         In most cases you can leave this as-is, but you if you want to provide
14         additional functionality it is fine to subclass or reimplement
15         FlutterApplication and put your custom class here.
16    -->
17
18    <uses-permission android:name="android.permission.INTERNET" />
18-->src\main\AndroidManifest.xml:9:5-66
18-->src\main\AndroidManifest.xml:9:22-64
19    <uses-permission android:name="android.permission.VIBRATE" />
19-->src\main\AndroidManifest.xml:10:5-66
19-->src\main\AndroidManifest.xml:10:22-63
20    <uses-permission android:name="android.permission.RECEIVE_BOOT_COMPLETED" />
20-->src\main\AndroidManifest.xml:11:5-80
20-->src\main\AndroidManifest.xml:11:22-78
21    <uses-permission android:name="android.permission.ACCESS_FINE_LOCATION" />
21-->src\main\AndroidManifest.xml:12:5-79
21-->src\main\AndroidManifest.xml:12:22-76
22    <uses-permission android:name="android.permission.ACCESS_COARSE_LOCATION" />
22-->src\main\AndroidManifest.xml:13:5-80
22-->src\main\AndroidManifest.xml:13:22-78
23    <uses-permission android:name="android.permission.ACCESS_BACKGROUND_LOCATION" />
23-->src\main\AndroidManifest.xml:14:5-85
23-->src\main\AndroidManifest.xml:14:22-82
24    <uses-permission android:name="android.permission.READ_EXTERNAL_STORAGE" />
24-->[:file_picker] AndroidManifest.xml:7:5-80
24-->[:file_picker] AndroidManifest.xml:7:22-77
25    <uses-permission android:name="android.permission.WRITE_EXTERNAL_STORAGE" />
25-->[:image_picker] AndroidManifest.xml:8:5-81
25-->[:image_picker] AndroidManifest.xml:8:22-78
26    <uses-permission android:name="android.permission.USE_FULL_SCREEN_INTENT" /> <!-- Include required permissions for Google Maps API to run. -->
26-->[:flutter_local_notifications] AndroidManifest.xml:9:5-81
26-->[:flutter_local_notifications] AndroidManifest.xml:9:22-78
27    <uses-permission android:name="android.permission.ACCESS_NETWORK_STATE" />
27-->[com.google.android.gms:play-services-maps:17.0.0] AndroidManifest.xml:23:5-79
27-->[com.google.android.gms:play-services-maps:17.0.0] AndroidManifest.xml:23:22-76
28
29    <uses-feature
29-->[com.google.android.gms:play-services-maps:17.0.0] AndroidManifest.xml:26:5-28:35
30        android:glEsVersion="0x00020000"
30-->[com.google.android.gms:play-services-maps:17.0.0] AndroidManifest.xml:27:9-41
31        android:required="true" />
31-->[com.google.android.gms:play-services-maps:17.0.0] AndroidManifest.xml:28:9-32
32
33    <uses-permission android:name="android.permission.WAKE_LOCK" /> <!-- Required by older versions of Google Play services to create IID tokens -->
33-->[com.google.firebase:firebase-iid:20.3.0] AndroidManifest.xml:24:5-68
33-->[com.google.firebase:firebase-iid:20.3.0] AndroidManifest.xml:24:22-65
34    <uses-permission android:name="com.google.android.c2dm.permission.RECEIVE" />
34-->[com.google.firebase:firebase-iid:20.3.0] AndroidManifest.xml:26:5-82
34-->[com.google.firebase:firebase-iid:20.3.0] AndroidManifest.xml:26:22-79
35    <uses-permission android:name="com.google.android.finsky.permission.BIND_GET_INSTALL_REFERRER_SERVICE" />
35-->[com.google.android.gms:play-services-measurement:17.6.0] AndroidManifest.xml:26:5-110
35-->[com.google.android.gms:play-services-measurement:17.6.0] AndroidManifest.xml:26:22-107
36
37    <application
37-->src\main\AndroidManifest.xml:15:5-60:19
38        android:name="io.flutter.app.FlutterApplication"
38-->src\main\AndroidManifest.xml:16:9-57
39        android:appComponentFactory="androidx.core.app.CoreComponentFactory"
39-->[androidx.core:core:1.3.0] AndroidManifest.xml:24:18-86
40        android:icon="@mipmap/ic_launcher"
40-->src\main\AndroidManifest.xml:18:9-43
41        android:label="AsiappBun" >
41-->src\main\AndroidManifest.xml:17:9-34
42        <activity
42-->src\main\AndroidManifest.xml:19:9-51:20
43            android:name="appflmaps.fl_maps.MainActivity"
43-->src\main\AndroidManifest.xml:20:13-41
44            android:configChanges="orientation|keyboardHidden|keyboard|screenSize|smallestScreenSize|locale|layoutDirection|fontScale|screenLayout|density|uiMode"
44-->src\main\AndroidManifest.xml:23:13-163
45            android:hardwareAccelerated="true"
45-->src\main\AndroidManifest.xml:24:13-47
46            android:launchMode="singleTop"
46-->src\main\AndroidManifest.xml:21:13-43
47            android:theme="@style/LaunchTheme"
47-->src\main\AndroidManifest.xml:22:13-47
48            android:windowSoftInputMode="adjustResize" >
48-->src\main\AndroidManifest.xml:25:13-55
49
50            <!--
51                 Specifies an Android theme to apply to this Activity as soon as
52                 the Android process has started. This theme is visible to the user
53                 while the Flutter UI initializes. After that, this theme continues
54                 to determine the Window background behind the Flutter UI.
55            -->
56            <meta-data
56-->src\main\AndroidManifest.xml:30:13-33:17
57                android:name="io.flutter.embedding.android.NormalTheme"
57-->src\main\AndroidManifest.xml:31:15-70
58                android:resource="@style/NormalTheme" />
58-->src\main\AndroidManifest.xml:32:15-52
59            <!--
60                 Displays an Android View that continues showing the launch screen
61                 Drawable until Flutter paints its first frame, then this splash
62                 screen fades out. A splash screen is useful to avoid any visual
63                 gap between the end of Android's launch screen and the painting of
64                 Flutter's first frame.
65            -->
66            <meta-data
66-->src\main\AndroidManifest.xml:39:13-42:17
67                android:name="io.flutter.embedding.android.SplashScreenDrawable"
67-->src\main\AndroidManifest.xml:40:15-79
68                android:resource="@drawable/launch_background" />
68-->src\main\AndroidManifest.xml:41:15-61
69
70            <intent-filter>
70-->src\main\AndroidManifest.xml:43:13-46:29
71                <action android:name="android.intent.action.MAIN" />
71-->src\main\AndroidManifest.xml:44:17-68
71-->src\main\AndroidManifest.xml:44:25-66
72
73                <category android:name="android.intent.category.LAUNCHER" />
73-->src\main\AndroidManifest.xml:45:17-76
73-->src\main\AndroidManifest.xml:45:27-74
74            </intent-filter>
75            <intent-filter>
75-->src\main\AndroidManifest.xml:47:13-50:29
76                <action android:name="FLUTTER_NOTIFICATION_CLICK" />
76-->src\main\AndroidManifest.xml:48:17-68
76-->src\main\AndroidManifest.xml:48:25-66
77
78                <category android:name="android.intent.category.DEFAULT" />
78-->src\main\AndroidManifest.xml:49:17-75
78-->src\main\AndroidManifest.xml:49:27-73
79            </intent-filter>
80        </activity>
81        <!--
82             Don't delete the meta-data below.
83             This is used by the Flutter tool to generate GeneratedPluginRegistrant.java
84        -->
85        <meta-data
85-->src\main\AndroidManifest.xml:54:9-56:33
86            android:name="flutterEmbedding"
86-->src\main\AndroidManifest.xml:55:13-44
87            android:value="2" />
87-->src\main\AndroidManifest.xml:56:13-30
88        <meta-data
88-->src\main\AndroidManifest.xml:57:9-59:70
89            android:name="com.google.android.geo.API_KEY"
89-->src\main\AndroidManifest.xml:58:13-58
90            android:value="AIzaSyAmps035tlvfVHeLpU_KPzNGAKau2O4TQo" />
90-->src\main\AndroidManifest.xml:59:13-68
91
92        <provider
92-->[:image_picker] AndroidManifest.xml:11:9-19:20
93            android:name="io.flutter.plugins.imagepicker.ImagePickerFileProvider"
93-->[:image_picker] AndroidManifest.xml:12:13-82
94            android:authorities="appflmaps.fl_maps.flutter.image_provider"
94-->[:image_picker] AndroidManifest.xml:13:13-74
95            android:exported="false"
95-->[:image_picker] AndroidManifest.xml:14:13-37
96            android:grantUriPermissions="true" >
96-->[:image_picker] AndroidManifest.xml:15:13-47
97            <meta-data
97-->[:image_picker] AndroidManifest.xml:16:13-18:75
98                android:name="android.support.FILE_PROVIDER_PATHS"
98-->[:image_picker] AndroidManifest.xml:17:17-67
99                android:resource="@xml/flutter_image_picker_file_paths" />
99-->[:image_picker] AndroidManifest.xml:18:17-72
100        </provider>
101
102        <service android:name="io.flutter.plugins.firebasemessaging.FlutterFirebaseMessagingService" >
102-->[:firebase_messaging] AndroidManifest.xml:8:9-12:19
102-->[:firebase_messaging] AndroidManifest.xml:8:18-101
103            <intent-filter>
103-->[:firebase_messaging] AndroidManifest.xml:9:13-11:29
104                <action android:name="com.google.firebase.MESSAGING_EVENT" />
104-->[:firebase_messaging] AndroidManifest.xml:10:17-78
104-->[:firebase_messaging] AndroidManifest.xml:10:25-75
105            </intent-filter>
106        </service>
107        <service
107-->[:firebase_messaging] AndroidManifest.xml:13:9-17:19
108            android:name="com.google.firebase.components.ComponentDiscoveryService"
108-->[:firebase_messaging] AndroidManifest.xml:13:18-89
109            android:directBootAware="true"
109-->[com.google.firebase:firebase-common:19.3.0] AndroidManifest.xml:34:13-43
110            android:exported="false" >
110-->[com.google.firebase:firebase-messaging:20.3.0] AndroidManifest.xml:38:13-37
111            <meta-data
111-->[:firebase_messaging] AndroidManifest.xml:14:13-16:85
112                android:name="com.google.firebase.components:io.flutter.plugins.firebasemessaging.FlutterFirebaseAppRegistrar"
112-->[:firebase_messaging] AndroidManifest.xml:15:17-127
113                android:value="com.google.firebase.components.ComponentRegistrar" />
113-->[:firebase_messaging] AndroidManifest.xml:16:17-82
114            <meta-data
114-->[:firebase_core] AndroidManifest.xml:9:13-11:85
115                android:name="com.google.firebase.components:io.flutter.plugins.firebase.core.FlutterFirebaseCoreRegistrar"
115-->[:firebase_core] AndroidManifest.xml:10:17-124
116                android:value="com.google.firebase.components.ComponentRegistrar" />
116-->[:firebase_core] AndroidManifest.xml:11:17-82
117            <meta-data
117-->[com.google.firebase:firebase-messaging:20.3.0] AndroidManifest.xml:39:13-41:85
118                android:name="com.google.firebase.components:com.google.firebase.messaging.FirebaseMessagingRegistrar"
118-->[com.google.firebase:firebase-messaging:20.3.0] AndroidManifest.xml:40:17-119
119                android:value="com.google.firebase.components.ComponentRegistrar" />
119-->[com.google.firebase:firebase-messaging:20.3.0] AndroidManifest.xml:41:17-82
120            <meta-data
120-->[com.google.firebase:firebase-iid:20.3.0] AndroidManifest.xml:32:13-34:85
121                android:name="com.google.firebase.components:com.google.firebase.iid.Registrar"
121-->[com.google.firebase:firebase-iid:20.3.0] AndroidManifest.xml:33:17-96
122                android:value="com.google.firebase.components.ComponentRegistrar" />
122-->[com.google.firebase:firebase-iid:20.3.0] AndroidManifest.xml:34:17-82
123            <meta-data
123-->[com.google.firebase:firebase-datatransport:17.0.3] AndroidManifest.xml:28:13-30:85
124                android:name="com.google.firebase.components:com.google.firebase.datatransport.TransportRegistrar"
124-->[com.google.firebase:firebase-datatransport:17.0.3] AndroidManifest.xml:29:17-115
125                android:value="com.google.firebase.components.ComponentRegistrar" />
125-->[com.google.firebase:firebase-datatransport:17.0.3] AndroidManifest.xml:30:17-82
126            <meta-data
126-->[com.google.android.gms:play-services-measurement-api:17.6.0] AndroidManifest.xml:30:13-32:85
127                android:name="com.google.firebase.components:com.google.firebase.analytics.connector.internal.AnalyticsConnectorRegistrar"
127-->[com.google.android.gms:play-services-measurement-api:17.6.0] AndroidManifest.xml:31:17-139
128                android:value="com.google.firebase.components.ComponentRegistrar" />
128-->[com.google.android.gms:play-services-measurement-api:17.6.0] AndroidManifest.xml:32:17-82
129            <meta-data
129-->[com.google.firebase:firebase-installations:16.3.3] AndroidManifest.xml:17:13-19:85
130                android:name="com.google.firebase.components:com.google.firebase.installations.FirebaseInstallationsRegistrar"
130-->[com.google.firebase:firebase-installations:16.3.3] AndroidManifest.xml:18:17-127
131                android:value="com.google.firebase.components.ComponentRegistrar" />
131-->[com.google.firebase:firebase-installations:16.3.3] AndroidManifest.xml:19:17-82
132        </service>
133
134        <activity
134-->[:url_launcher] AndroidManifest.xml:8:9-11:74
135            android:name="io.flutter.plugins.urllauncher.WebViewActivity"
135-->[:url_launcher] AndroidManifest.xml:9:13-74
136            android:exported="false"
136-->[:url_launcher] AndroidManifest.xml:10:13-37
137            android:theme="@android:style/Theme.NoTitleBar.Fullscreen" />
137-->[:url_launcher] AndroidManifest.xml:11:13-71
138
139        <receiver android:name="com.dexterous.flutterlocalnotifications.ScheduledNotificationReceiver" />
139-->[:flutter_local_notifications] AndroidManifest.xml:12:9-106
139-->[:flutter_local_notifications] AndroidManifest.xml:12:19-103
140        <receiver android:name="com.dexterous.flutterlocalnotifications.ScheduledNotificationBootReceiver" >
140-->[:flutter_local_notifications] AndroidManifest.xml:13:9-20:20
140-->[:flutter_local_notifications] AndroidManifest.xml:13:19-107
141            <intent-filter>
141-->[:flutter_local_notifications] AndroidManifest.xml:14:13-19:29
142                <action android:name="android.intent.action.BOOT_COMPLETED" />
142-->[:flutter_local_notifications] AndroidManifest.xml:15:17-79
142-->[:flutter_local_notifications] AndroidManifest.xml:15:25-76
143                <action android:name="android.intent.action.MY_PACKAGE_REPLACED" />
143-->[:flutter_local_notifications] AndroidManifest.xml:16:17-84
143-->[:flutter_local_notifications] AndroidManifest.xml:16:25-81
144                <action android:name="android.intent.action.QUICKBOOT_POWERON" />
144-->[:flutter_local_notifications] AndroidManifest.xml:17:17-82
144-->[:flutter_local_notifications] AndroidManifest.xml:17:25-79
145                <action android:name="com.htc.intent.action.QUICKBOOT_POWERON" />
145-->[:flutter_local_notifications] AndroidManifest.xml:18:17-82
145-->[:flutter_local_notifications] AndroidManifest.xml:18:25-79
146            </intent-filter>
147        </receiver> <!-- Needs to be explicitly declared on P+ -->
148        <uses-library
148-->[com.google.android.gms:play-services-maps:17.0.0] AndroidManifest.xml:33:9-35:40
149            android:name="org.apache.http.legacy"
149-->[com.google.android.gms:play-services-maps:17.0.0] AndroidManifest.xml:34:13-50
150            android:required="false" />
150-->[com.google.android.gms:play-services-maps:17.0.0] AndroidManifest.xml:35:13-37
151        <!--
152             FirebaseMessagingService performs security checks at runtime,
153             but set to not exported to explicitly avoid allowing another app to call it.
154        -->
155        <service
155-->[com.google.firebase:firebase-messaging:20.3.0] AndroidManifest.xml:28:9-35:19
156            android:name="com.google.firebase.messaging.FirebaseMessagingService"
156-->[com.google.firebase:firebase-messaging:20.3.0] AndroidManifest.xml:29:13-82
157            android:directBootAware="true"
157-->[com.google.firebase:firebase-messaging:20.3.0] AndroidManifest.xml:30:13-43
158            android:exported="false" >
158-->[com.google.firebase:firebase-messaging:20.3.0] AndroidManifest.xml:31:13-37
159            <intent-filter android:priority="-500" >
159-->[:firebase_messaging] AndroidManifest.xml:9:13-11:29
160                <action android:name="com.google.firebase.MESSAGING_EVENT" />
160-->[:firebase_messaging] AndroidManifest.xml:10:17-78
160-->[:firebase_messaging] AndroidManifest.xml:10:25-75
161            </intent-filter>
162        </service>
163
164        <receiver
164-->[com.google.firebase:firebase-iid:20.3.0] AndroidManifest.xml:37:9-44:20
165            android:name="com.google.firebase.iid.FirebaseInstanceIdReceiver"
165-->[com.google.firebase:firebase-iid:20.3.0] AndroidManifest.xml:38:13-78
166            android:exported="true"
166-->[com.google.firebase:firebase-iid:20.3.0] AndroidManifest.xml:39:13-36
167            android:permission="com.google.android.c2dm.permission.SEND" >
167-->[com.google.firebase:firebase-iid:20.3.0] AndroidManifest.xml:40:13-73
168            <intent-filter>
168-->[com.google.firebase:firebase-iid:20.3.0] AndroidManifest.xml:41:13-43:29
169                <action android:name="com.google.android.c2dm.intent.RECEIVE" />
169-->[com.google.firebase:firebase-iid:20.3.0] AndroidManifest.xml:42:17-81
169-->[com.google.firebase:firebase-iid:20.3.0] AndroidManifest.xml:42:25-78
170            </intent-filter>
171        </receiver>
172
173        <activity
173-->[com.google.android.gms:play-services-base:17.0.0] AndroidManifest.xml:23:9-26:75
174            android:name="com.google.android.gms.common.api.GoogleApiActivity"
174-->[com.google.android.gms:play-services-base:17.0.0] AndroidManifest.xml:24:13-79
175            android:exported="false"
175-->[com.google.android.gms:play-services-base:17.0.0] AndroidManifest.xml:25:13-37
176            android:theme="@android:style/Theme.Translucent.NoTitleBar" />
176-->[com.google.android.gms:play-services-base:17.0.0] AndroidManifest.xml:26:13-72
177
178        <provider
178-->[com.google.firebase:firebase-common:19.3.0] AndroidManifest.xml:26:9-30:39
179            android:name="com.google.firebase.provider.FirebaseInitProvider"
179-->[com.google.firebase:firebase-common:19.3.0] AndroidManifest.xml:27:13-77
180            android:authorities="appflmaps.fl_maps.firebaseinitprovider"
180-->[com.google.firebase:firebase-common:19.3.0] AndroidManifest.xml:28:13-72
181            android:exported="false"
181-->[com.google.firebase:firebase-common:19.3.0] AndroidManifest.xml:29:13-37
182            android:initOrder="100" />
182-->[com.google.firebase:firebase-common:19.3.0] AndroidManifest.xml:30:13-36
183
184        <receiver
184-->[com.google.android.gms:play-services-measurement:17.6.0] AndroidManifest.xml:29:9-33:20
185            android:name="com.google.android.gms.measurement.AppMeasurementReceiver"
185-->[com.google.android.gms:play-services-measurement:17.6.0] AndroidManifest.xml:30:13-85
186            android:enabled="true"
186-->[com.google.android.gms:play-services-measurement:17.6.0] AndroidManifest.xml:31:13-35
187            android:exported="false" >
187-->[com.google.android.gms:play-services-measurement:17.6.0] AndroidManifest.xml:32:13-37
188        </receiver>
189
190        <service
190-->[com.google.android.gms:play-services-measurement:17.6.0] AndroidManifest.xml:35:9-38:40
191            android:name="com.google.android.gms.measurement.AppMeasurementService"
191-->[com.google.android.gms:play-services-measurement:17.6.0] AndroidManifest.xml:36:13-84
192            android:enabled="true"
192-->[com.google.android.gms:play-services-measurement:17.6.0] AndroidManifest.xml:37:13-35
193            android:exported="false" />
193-->[com.google.android.gms:play-services-measurement:17.6.0] AndroidManifest.xml:38:13-37
194        <service
194-->[com.google.android.gms:play-services-measurement:17.6.0] AndroidManifest.xml:39:9-43:72
195            android:name="com.google.android.gms.measurement.AppMeasurementJobService"
195-->[com.google.android.gms:play-services-measurement:17.6.0] AndroidManifest.xml:40:13-87
196            android:enabled="true"
196-->[com.google.android.gms:play-services-measurement:17.6.0] AndroidManifest.xml:41:13-35
197            android:exported="false"
197-->[com.google.android.gms:play-services-measurement:17.6.0] AndroidManifest.xml:42:13-37
198            android:permission="android.permission.BIND_JOB_SERVICE" />
198-->[com.google.android.gms:play-services-measurement:17.6.0] AndroidManifest.xml:43:13-69
199
200        <meta-data
200-->[com.google.android.gms:play-services-basement:17.0.0] AndroidManifest.xml:23:9-25:69
201            android:name="com.google.android.gms.version"
201-->[com.google.android.gms:play-services-basement:17.0.0] AndroidManifest.xml:24:13-58
202            android:value="@integer/google_play_services_version" />
202-->[com.google.android.gms:play-services-basement:17.0.0] AndroidManifest.xml:25:13-66
203
204        <service
204-->[com.google.android.datatransport:transport-backend-cct:2.2.0] AndroidManifest.xml:29:9-35:19
205            android:name="com.google.android.datatransport.runtime.backends.TransportBackendDiscovery"
205-->[com.google.android.datatransport:transport-backend-cct:2.2.0] AndroidManifest.xml:30:13-103
206            android:exported="false" >
206-->[com.google.android.datatransport:transport-backend-cct:2.2.0] AndroidManifest.xml:31:13-37
207            <meta-data
207-->[com.google.android.datatransport:transport-backend-cct:2.2.0] AndroidManifest.xml:32:13-34:39
208                android:name="backend:com.google.android.datatransport.cct.CctBackendFactory"
208-->[com.google.android.datatransport:transport-backend-cct:2.2.0] AndroidManifest.xml:33:17-94
209                android:value="cct" />
209-->[com.google.android.datatransport:transport-backend-cct:2.2.0] AndroidManifest.xml:34:17-36
210        </service>
211        <service
211-->[com.google.android.datatransport:transport-runtime:2.2.0] AndroidManifest.xml:26:9-30:19
212            android:name="com.google.android.datatransport.runtime.scheduling.jobscheduling.JobInfoSchedulerService"
212-->[com.google.android.datatransport:transport-runtime:2.2.0] AndroidManifest.xml:27:13-117
213            android:exported="false"
213-->[com.google.android.datatransport:transport-runtime:2.2.0] AndroidManifest.xml:28:13-37
214            android:permission="android.permission.BIND_JOB_SERVICE" >
214-->[com.google.android.datatransport:transport-runtime:2.2.0] AndroidManifest.xml:29:13-69
215        </service>
216
217        <receiver
217-->[com.google.android.datatransport:transport-runtime:2.2.0] AndroidManifest.xml:32:9-34:40
218            android:name="com.google.android.datatransport.runtime.scheduling.jobscheduling.AlarmManagerSchedulerBroadcastReceiver"
218-->[com.google.android.datatransport:transport-runtime:2.2.0] AndroidManifest.xml:33:13-132
219            android:exported="false" />
219-->[com.google.android.datatransport:transport-runtime:2.2.0] AndroidManifest.xml:34:13-37
220    </application>
221
222</manifest>